0 info it worked if it ends with ok
1 verbose cli [ '/root/.nvm/versions/node/v6.9.1/bin/node',
1 verbose cli   '/root/.nvm/versions/node/v6.9.1/bin/npm',
1 verbose cli   'run',
1 verbose cli   'setup',
1 verbose cli   '--allow-root' ]
2 info using npm@3.10.8
3 info using node@v6.9.1
4 verbose run-script [ 'presetup', 'setup', 'postsetup' ]
5 info lifecycle moodlemobile@3.4.0~presetup: moodlemobile@3.4.0
6 silly lifecycle moodlemobile@3.4.0~presetup: no script for presetup, continuing
7 info lifecycle moodlemobile@3.4.0~setup: moodlemobile@3.4.0
8 verbose lifecycle moodlemobile@3.4.0~setup: unsafe-perm in lifecycle true
9 verbose lifecycle moodlemobile@3.4.0~setup: PATH: /root/.nvm/versions/node/v6.9.1/lib/node_modules/npm/bin/node-gyp-bin:/home/vj/moodlemobile2/node_modules/.bin:/root/.nvm/versions/node/v6.9.1/bin:/usr/local/sbin:/usr/local/bin:/usr/sbin:/usr/bin:/sbin:/bin:/usr/games:/usr/local/games:/root/android-sdk-linux/platform-tools:/root/android-sdk-linux/tools:/root/android-sdk-linux/build-tools/22.0.1/
10 verbose lifecycle moodlemobile@3.4.0~setup: CWD: /home/vj/moodlemobile2
11 silly lifecycle moodlemobile@3.4.0~setup: Args: [ '-c',
11 silly lifecycle   'npm install && cordova prepare && bower install && gulp' ]
12 silly lifecycle moodlemobile@3.4.0~setup: Returned: code: 1  signal: null
13 info lifecycle moodlemobile@3.4.0~setup: Failed to exec setup script
14 verbose stack Error: moodlemobile@3.4.0 setup: `npm install && cordova prepare && bower install && gulp`
14 verbose stack Exit status 1
14 verbose stack     at EventEmitter.<anonymous> (/root/.nvm/versions/node/v6.9.1/lib/node_modules/npm/lib/utils/lifecycle.js:255:16)
14 verbose stack     at emitTwo (events.js:106:13)
14 verbose stack     at EventEmitter.emit (events.js:191:7)
14 verbose stack     at ChildProcess.<anonymous> (/root/.nvm/versions/node/v6.9.1/lib/node_modules/npm/lib/utils/spawn.js:40:14)
14 verbose stack     at emitTwo (events.js:106:13)
14 verbose stack     at ChildProcess.emit (events.js:191:7)
14 verbose stack     at maybeClose (internal/child_process.js:877:16)
14 verbose stack     at Process.ChildProcess._handle.onexit (internal/child_process.js:226:5)
15 verbose pkgid moodlemobile@3.4.0
16 verbose cwd /home/vj/moodlemobile2
17 error Linux 4.9.58-xxxx-std-ipv6-64
18 error argv "/root/.nvm/versions/node/v6.9.1/bin/node" "/root/.nvm/versions/node/v6.9.1/bin/npm" "run" "setup" "--allow-root"
19 error node v6.9.1
20 error npm  v3.10.8
21 error code ELIFECYCLE
22 error moodlemobile@3.4.0 setup: `npm install && cordova prepare && bower install && gulp`
22 error Exit status 1
23 error Failed at the moodlemobile@3.4.0 setup script 'npm install && cordova prepare && bower install && gulp'.
23 error Make sure you have the latest version of node.js and npm installed.
23 error If you do, this is most likely a problem with the moodlemobile package,
23 error not with npm itself.
23 error Tell the author that this fails on your system:
23 error     npm install && cordova prepare && bower install && gulp
23 error You can get information on how to open an issue for this project with:
23 error     npm bugs moodlemobile
23 error Or if that isn't available, you can get their info via:
23 error     npm owner ls moodlemobile
23 error There is likely additional logging output above.
24 verbose exit [ 1, true ]
